AH00558: apache2: Could not reliably determine the server's fully qualified domain name, using 172.19.0.2. Set the 'ServerName' directive globally to suppress this message
Cannot load Xdebug - it was already loaded
PHP Warning:  Module 'soap' already loaded in Unknown on line 0
[Mon Mar 09 16:43:56.862236 2020] [mpm_prefork:notice] [pid 1] AH00163: Apache/2.4.25 (Debian) PHP/7.1.20 configured -- resuming normal operations
[Mon Mar 09 16:43:56.862760 2020] [core:notice] [pid 1] AH00094: Command line: 'apache2 -D FOREGROUND'
[Mon Mar 09 16:48:12.039787 2020] [mpm_prefork:notice] [pid 1] AH00169: caught SIGTERM, shutting down
AH00558: apache2: Could not reliably determine the server's fully qualified domain name, using 172.20.0.2. Set the 'ServerName' directive globally to suppress this message
Cannot load Xdebug - it was already loaded
PHP Warning:  Module 'soap' already loaded in Unknown on line 0
[Mon Mar 09 16:48:20.232555 2020] [mpm_prefork:notice] [pid 1] AH00163: Apache/2.4.25 (Debian) PHP/7.1.20 configured -- resuming normal operations
[Mon Mar 09 16:48:20.234718 2020] [core:notice] [pid 1] AH00094: Command line: 'apache2 -D FOREGROUND'
[Mon Mar 09 16:52:49.147296 2020] [mpm_prefork:notice] [pid 1] AH00169: caught SIGTERM, shutting down
AH00558: apache2: Could not reliably determine the server's fully qualified domain name, using 172.21.0.2. Set the 'ServerName' directive globally to suppress this message
Cannot load Xdebug - it was already loaded
PHP Warning:  Module 'soap' already loaded in Unknown on line 0
[Mon Mar 09 16:52:53.497482 2020] [mpm_prefork:notice] [pid 1] AH00163: Apache/2.4.25 (Debian) PHP/7.1.20 configured -- resuming normal operations
[Mon Mar 09 16:52:53.500230 2020] [core:notice] [pid 1] AH00094: Command line: 'apache2 -D FOREGROUND'
[Mon Mar 09 17:06:17.939895 2020] [mpm_prefork:notice] [pid 1] AH00169: caught SIGTERM, shutting down
AH00558: apache2: Could not reliably determine the server's fully qualified domain name, using 172.22.0.2. Set the 'ServerName' directive globally to suppress this message
Cannot load Xdebug - it was already loaded
PHP Warning:  Module 'soap' already loaded in Unknown on line 0
[Mon Mar 09 17:06:25.132635 2020] [mpm_prefork:notice] [pid 1] AH00163: Apache/2.4.25 (Debian) PHP/7.1.20 configured -- resuming normal operations
[Mon Mar 09 17:06:25.133308 2020] [core:notice] [pid 1] AH00094: Command line: 'apache2 -D FOREGROUND'
[Mon Mar 09 17:10:28.049121 2020] [mpm_prefork:notice] [pid 1] AH00169: caught SIGTERM, shutting down
AH00558: apache2: Could not reliably determine the server's fully qualified domain name, using 172.23.0.2. Set the 'ServerName' directive globally to suppress this message
Cannot load Xdebug - it was already loaded
PHP Warning:  Module 'soap' already loaded in Unknown on line 0
[Mon Mar 09 17:10:33.336984 2020] [mpm_prefork:notice] [pid 1] AH00163: Apache/2.4.25 (Debian) PHP/7.1.20 configured -- resuming normal operations
[Mon Mar 09 17:10:33.337589 2020] [core:notice] [pid 1] AH00094: Command line: 'apache2 -D FOREGROUND'
[Mon Mar 09 17:13:40.861047 2020] [mpm_prefork:notice] [pid 1] AH00169: caught SIGTERM, shutting down
AH00558: apache2: Could not reliably determine the server's fully qualified domain name, using 172.24.0.2. Set the 'ServerName' directive globally to suppress this message
Cannot load Xdebug - it was already loaded
PHP Warning:  Module 'soap' already loaded in Unknown on line 0
[Mon Mar 09 17:13:57.175202 2020] [mpm_prefork:notice] [pid 1] AH00163: Apache/2.4.25 (Debian) PHP/7.1.20 configured -- resuming normal operations
[Mon Mar 09 17:13:57.176529 2020] [core:notice] [pid 1] AH00094: Command line: 'apache2 -D FOREGROUND'
[Mon Mar 09 17:19:48.523797 2020] [mpm_prefork:notice] [pid 1] AH00169: caught SIGTERM, shutting down
AH00558: apache2: Could not reliably determine the server's fully qualified domain name, using 172.25.0.2. Set the 'ServerName' directive globally to suppress this message
Cannot load Xdebug - it was already loaded
PHP Warning:  Module 'soap' already loaded in Unknown on line 0
[Mon Mar 09 17:19:55.047069 2020] [mpm_prefork:notice] [pid 1] AH00163: Apache/2.4.25 (Debian) PHP/7.1.20 configured -- resuming normal operations
[Mon Mar 09 17:19:55.049620 2020] [core:notice] [pid 1] AH00094: Command line: 'apache2 -D FOREGROUND'
[Mon Mar 09 17:31:07.990184 2020] [mpm_prefork:notice] [pid 1] AH00169: caught SIGTERM, shutting down
AH00558: apache2: Could not reliably determine the server's fully qualified domain name, using 172.26.0.2. Set the 'ServerName' directive globally to suppress this message
Cannot load Xdebug - it was already loaded
PHP Warning:  Module 'soap' already loaded in Unknown on line 0
[Mon Mar 09 17:31:18.095891 2020] [mpm_prefork:notice] [pid 1] AH00163: Apache/2.4.25 (Debian) PHP/7.1.20 configured -- resuming normal operations
[Mon Mar 09 17:31:18.098556 2020] [core:notice] [pid 1] AH00094: Command line: 'apache2 -D FOREGROUND'
[Mon Mar 09 17:37:59.127072 2020] [mpm_prefork:notice] [pid 1] AH00169: caught SIGTERM, shutting down
AH00558: apache2: Could not reliably determine the server's fully qualified domain name, using 172.27.0.2. Set the 'ServerName' directive globally to suppress this message
Cannot load Xdebug - it was already loaded
PHP Warning:  Module 'soap' already loaded in Unknown on line 0
[Mon Mar 09 17:38:05.441623 2020] [mpm_prefork:notice] [pid 1] AH00163: Apache/2.4.25 (Debian) PHP/7.1.20 configured -- resuming normal operations
[Mon Mar 09 17:38:05.442188 2020] [core:notice] [pid 1] AH00094: Command line: 'apache2 -D FOREGROUND'
[Mon Mar 09 17:40:28.471895 2020] [mpm_prefork:notice] [pid 1] AH00169: caught SIGTERM, shutting down
AH00558: apache2: Could not reliably determine the server's fully qualified domain name, using 172.28.0.2. Set the 'ServerName' directive globally to suppress this message
Cannot load Xdebug - it was already loaded
PHP Warning:  Module 'soap' already loaded in Unknown on line 0
[Mon Mar 09 17:52:22.346091 2020] [mpm_prefork:notice] [pid 1] AH00163: Apache/2.4.25 (Debian) PHP/7.1.20 configured -- resuming normal operations
[Mon Mar 09 17:52:22.346801 2020] [core:notice] [pid 1] AH00094: Command line: 'apache2 -D FOREGROUND'
[Mon Mar 09 17:59:29.413012 2020] [core:warn] [pid 1] AH00045: child process 19 still did not exit, sending a SIGTERM
[Mon Mar 09 17:59:30.420446 2020] [mpm_prefork:notice] [pid 1] AH00169: caught SIGTERM, shutting down
AH00558: apache2: Could not reliably determine the server's fully qualified domain name, using 172.20.0.2. Set the 'ServerName' directive globally to suppress this message
Cannot load Xdebug - it was already loaded
PHP Warning:  Module 'soap' already loaded in Unknown on line 0
[Tue Mar 10 14:14:52.828917 2020] [mpm_prefork:notice] [pid 1] AH00163: Apache/2.4.25 (Debian) PHP/7.1.20 configured -- resuming normal operations
[Tue Mar 10 14:14:52.829873 2020] [core:notice] [pid 1] AH00094: Command line: 'apache2 -D FOREGROUND'
